2022-05-26 14:19:43,121 INFO org.springframework.test.context.support.AbstractTestContextBootstrapper [main] Neither @ContextConfiguration nor @ContextHierarchy found for test class [com.ibm.academia.restapi.eureka.EurekaTarjetasServerApplicationTests], using SpringBootContextLoader
2022-05-26 14:19:43,160 INFO org.springframework.test.context.support.AbstractContextLoader [main] Could not detect default resource locations for test class [com.ibm.academia.restapi.eureka.EurekaTarjetasServerApplicationTests]: no resource found for suffixes {-context.xml, Context.groovy}.
2022-05-26 14:19:43,165 INFO org.springframework.test.context.support.AnnotationConfigContextLoaderUtils [main] Could not detect default configuration classes for test class [com.ibm.academia.restapi.eureka.EurekaTarjetasServerApplicationTests]: EurekaTarjetasServerApplicationTests does not declare any static, non-private, non-final, nested classes annotated with @Configuration.
2022-05-26 14:19:43,644 INFO org.springframework.boot.test.context.SpringBootTestContextBootstrapper [main] Found @SpringBootConfiguration com.ibm.academia.restapi.eureka.EurekaTarjetasServerApplication for test class com.ibm.academia.restapi.eureka.EurekaTarjetasServerApplicationTests
2022-05-26 14:19:44,212 INFO org.springframework.test.context.support.AbstractTestContextBootstrapper [main] Loaded default TestExecutionListener class names from location [META-INF/spring.factories]: [org.springframework.boot.test.mock.mockito.MockitoTestExecutionListener, org.springframework.boot.test.mock.mockito.ResetMocksTestExecutionListener, org.springframework.boot.test.autoconfigure.restdocs.RestDocsTestExecutionListener, org.springframework.boot.test.autoconfigure.web.client.MockRestServiceServerResetTestExecutionListener, org.springframework.boot.test.autoconfigure.web.servlet.MockMvcPrintOnlyOnFailureTestExecutionListener, org.springframework.boot.test.autoconfigure.web.servlet.WebDriverTestExecutionListener, org.springframework.boot.test.autoconfigure.webservices.client.MockWebServiceServerTestExecutionListener, org.springframework.test.context.web.ServletTestExecutionListener, org.springframework.test.context.support.DirtiesContextBeforeModesTestExecutionListener, org.springframework.test.context.event.ApplicationEventsTestExecutionListener, org.springframework.test.context.support.DependencyInjectionTestExecutionListener, org.springframework.test.context.support.DirtiesContextTestExecutionListener, org.springframework.test.context.transaction.TransactionalTestExecutionListener, org.springframework.test.context.jdbc.SqlScriptsTestExecutionListener, org.springframework.test.context.event.EventPublishingTestExecutionListener]
2022-05-26 14:19:44,319 INFO org.springframework.test.context.support.AbstractTestContextBootstrapper [main] Using TestExecutionListeners: [org.springframework.test.context.web.ServletTestExecutionListener@16fb356, org.springframework.test.context.support.DirtiesContextBeforeModesTestExecutionListener@6bc248ed, org.springframework.test.context.event.ApplicationEventsTestExecutionListener@23a9ba52, org.springframework.boot.test.mock.mockito.MockitoTestExecutionListener@ca27722, org.springframework.boot.test.autoconfigure.SpringBootDependencyInjectionTestExecutionListener@70ab80e3, org.springframework.test.context.support.DirtiesContextTestExecutionListener@9573b3b, org.springframework.test.context.event.EventPublishingTestExecutionListener@67427b69, org.springframework.boot.test.mock.mockito.ResetMocksTestExecutionListener@78461bc4, org.springframework.boot.test.autoconfigure.restdocs.RestDocsTestExecutionListener@544630b7, org.springframework.boot.test.autoconfigure.web.client.MockRestServiceServerResetTestExecutionListener@64f857e7, org.springframework.boot.test.autoconfigure.web.servlet.MockMvcPrintOnlyOnFailureTestExecutionListener@1095f122, org.springframework.boot.test.autoconfigure.web.servlet.WebDriverTestExecutionListener@58c540cf, org.springframework.boot.test.autoconfigure.webservices.client.MockWebServiceServerTestExecutionListener@3d6300e8]
2022-05-26 14:19:46,525 INFO org.springframework.boot.StartupInfoLogger [main] Starting EurekaTarjetasServerApplicationTests using Java 11.0.13 on LAPTOP-IQ104NSE with PID 22148 (started by 106860781 in C:\Users\106860781\Documents\Microservicios Java\APITarjetas\EurekaTarjetasServer)
2022-05-26 14:19:46,531 INFO org.springframework.boot.SpringApplication [main] No active profile set, falling back to 1 default profile: "default"
2022-05-26 14:19:50,505 INFO org.springframework.cloud.context.scope.GenericScope [main] BeanFactory id=7a220102-60c4-302c-923b-342f57206317
2022-05-26 14:20:02,402 INFO org.springframework.cloud.netflix.eureka.config.DiscoveryClientOptionalArgsConfiguration [main] Eureka HTTP Client uses Jersey
2022-05-26 14:20:07,679 WARN org.springframework.cloud.loadbalancer.config.LoadBalancerCacheAutoConfiguration$LoadBalancerCaffeineWarnLogger [main] Spring Cloud LoadBalancer is currently working with the default cache. While this cache implementation is useful for development and tests, it's recommended to use Caffeine cache in production.You can switch to using Caffeine cache, by adding it and org.springframework.cache.caffeine.CaffeineCacheManager to the classpath.
2022-05-26 14:20:08,329 INFO org.springframework.cloud.netflix.eureka.InstanceInfoFactory [main] Setting initial instance status as: STARTING
2022-05-26 14:20:08,452 INFO com.netflix.discovery.DiscoveryClient [main] Initializing Eureka in region us-east-1
2022-05-26 14:20:08,458 INFO com.netflix.discovery.DiscoveryClient [main] Client configured to neither register nor query for data.
2022-05-26 14:20:08,496 INFO com.netflix.discovery.DiscoveryClient [main] Discovery Client initialized at timestamp 1653592808478 with initial instances count: 0
2022-05-26 14:20:08,718 INFO com.netflix.eureka.DefaultEurekaServerContext [main] Initializing ...
2022-05-26 14:20:08,725 INFO com.netflix.eureka.cluster.PeerEurekaNodes [main] Adding new peer nodes [http://localhost:8761/eureka/]
2022-05-26 14:20:09,946 INFO com.netflix.discovery.provider.DiscoveryJerseyProvider [main] Using JSON encoding codec LegacyJacksonJson
2022-05-26 14:20:09,948 INFO com.netflix.discovery.provider.DiscoveryJerseyProvider [main] Using JSON decoding codec LegacyJacksonJson
2022-05-26 14:20:09,949 INFO com.netflix.discovery.provider.DiscoveryJerseyProvider [main] Using XML encoding codec XStreamXml
2022-05-26 14:20:09,950 INFO com.netflix.discovery.provider.DiscoveryJerseyProvider [main] Using XML decoding codec XStreamXml
2022-05-26 14:20:10,509 INFO com.netflix.eureka.cluster.PeerEurekaNodes [main] Replica node URL:  http://localhost:8761/eureka/
2022-05-26 14:20:10,548 INFO com.netflix.eureka.registry.AbstractInstanceRegistry [main] Finished initializing remote region registries. All known remote regions: []
2022-05-26 14:20:10,551 INFO com.netflix.eureka.DefaultEurekaServerContext [main] Initialized
2022-05-26 14:20:11,376 INFO org.springframework.boot.actuate.endpoint.web.EndpointLinksResolver [main] Exposing 1 endpoint(s) beneath base path '/actuator'
2022-05-26 14:20:11,532 INFO org.springframework.cloud.netflix.eureka.serviceregistry.EurekaServiceRegistry [main] Registering application API-EUREKA-SERVER with eureka with status UP
2022-05-26 14:20:11,573 INFO org.springframework.cloud.netflix.eureka.server.EurekaServerBootstrap [Thread-11] isAws returned false
2022-05-26 14:20:11,577 INFO org.springframework.cloud.netflix.eureka.server.EurekaServerBootstrap [Thread-11] Initialized server context
2022-05-26 14:20:11,578 INFO com.netflix.eureka.registry.PeerAwareInstanceRegistryImpl [Thread-11] Got 1 instances from neighboring DS node
2022-05-26 14:20:11,578 INFO com.netflix.eureka.registry.PeerAwareInstanceRegistryImpl [Thread-11] Renew threshold is: 1
2022-05-26 14:20:11,579 INFO com.netflix.eureka.registry.PeerAwareInstanceRegistryImpl [Thread-11] Changing status to UP
2022-05-26 14:20:11,604 INFO org.springframework.cloud.netflix.eureka.server.EurekaServerInitializerConfiguration [Thread-11] Started Eureka Server
2022-05-26 14:20:11,642 INFO org.springframework.boot.StartupInfoLogger [main] Started EurekaTarjetasServerApplicationTests in 27.136 seconds (JVM running for 31.271)
2022-05-26 14:20:13,099 INFO org.springframework.cloud.sleuth.autoconfig.zipkin2.ZipkinAutoConfiguration$1 [Thread-4] Flushing remaining spans on shutdown
2022-05-26 14:20:13,109 INFO org.springframework.cloud.netflix.eureka.serviceregistry.EurekaServiceRegistry [SpringApplicationShutdownHook] Unregistering application API-EUREKA-SERVER with eureka with status DOWN
2022-05-26 14:20:13,117 INFO org.springframework.cloud.netflix.eureka.server.EurekaServerBootstrap [SpringApplicationShutdownHook] Shutting down Eureka Server..
2022-05-26 14:20:13,158 INFO com.netflix.eureka.DefaultEurekaServerContext [SpringApplicationShutdownHook] Shutting down ...
2022-05-26 14:20:13,223 INFO com.netflix.eureka.DefaultEurekaServerContext [SpringApplicationShutdownHook] Shut down
2022-05-26 14:20:13,225 INFO org.springframework.cloud.netflix.eureka.server.EurekaServerBootstrap [SpringApplicationShutdownHook] Eureka Service is now shutdown...
2022-05-26 14:20:13,228 INFO com.netflix.eureka.DefaultEurekaServerContext [SpringApplicationShutdownHook] Shutting down ...
2022-05-26 14:20:13,244 INFO com.netflix.eureka.DefaultEurekaServerContext [SpringApplicationShutdownHook] Shut down
2022-05-26 14:20:14,297 INFO com.netflix.discovery.DiscoveryClient [SpringApplicationShutdownHook] Shutting down DiscoveryClient ...
2022-05-26 14:20:14,302 INFO com.netflix.discovery.DiscoveryClient [SpringApplicationShutdownHook] Completed shut down of DiscoveryClient
